This is pdfTeX, Version 3.141592653-2.6-1.40.23 (TeX Live 2021/Arch Linux) (preloaded format=pdflatex 2022.1.16)  28 APR 2022 21:08
entering extended mode
 restricted \write18 enabled.
 %&-line parsing enabled.
**main.tex
(./main.tex
LaTeX2e <2021-11-15> patch level 1
L3 programming layer <2021-11-22> (./iopart.cls
Document Class: iopart 1996/06/10 v0.0 IOP Journals LaTeX article class
(./iopart11.clo
File: iopart12.clo 1997/01/15 v1.0 LaTeX2e file (size option)
)
\c@jnl=\count183
\c@section=\count184
\c@subsection=\count185
\c@subsubsection=\count186
\c@paragraph=\count187
\c@subparagraph=\count188
\c@figure=\count189
\c@table=\count190
\abovecaptionskip=\skip47
\belowcaptionskip=\skip48
\indentedwidth=\skip49
\mathindent=\dimen138
\c@eqnval=\count191
) (/usr/share/texmf-dist/tex/latex/graphics/graphicx.sty
Package: graphicx 2021/09/16 v1.2d Enhanced LaTeX Graphics (DPC,SPQR)

(/usr/share/texmf-dist/tex/latex/graphics/keyval.sty
Package: keyval 2014/10/28 v1.15 key=value parser (DPC)
\KV@toks@=\toks16
)
(/usr/share/texmf-dist/tex/latex/graphics/graphics.sty
Package: graphics 2021/03/04 v1.4d Standard LaTeX Graphics (DPC,SPQR)

(/usr/share/texmf-dist/tex/latex/graphics/trig.sty
Package: trig 2021/08/11 v1.11 sin cos tan (DPC)
)
(/usr/share/texmf-dist/tex/latex/graphics-cfg/graphics.cfg
File: graphics.cfg 2016/06/04 v1.11 sample graphics configuration
)
Package graphics Info: Driver file: pdftex.def on input line 107.

(/usr/share/texmf-dist/tex/latex/graphics-def/pdftex.def
File: pdftex.def 2020/10/05 v1.2a Graphics/color driver for pdftex
))
\Gin@req@height=\dimen139
\Gin@req@width=\dimen140
) (./iopams.sty
Package: iopams 1997/02/13 v1.0

(/usr/share/texmf-dist/tex/latex/amsmath/amsgen.sty
File: amsgen.sty 1999/11/30 v2.0 generic functions
\@emptytoks=\toks17
\ex@=\dimen141
)
(/usr/share/texmf-dist/tex/latex/amsfonts/amsfonts.sty
Package: amsfonts 2013/01/14 v3.01 Basic AMSFonts support
\symAMSa=\mathgroup4
\symAMSb=\mathgroup5
LaTeX Font Info:    Redeclaring math symbol \hbar on input line 98.
LaTeX Font Info:    Overwriting math alphabet `\mathfrak' in version `bold'
(Font)                  U/euf/m/n --> U/euf/b/n on input line 106.
)
(/usr/share/texmf-dist/tex/latex/amsfonts/amssymb.sty
Package: amssymb 2013/01/14 v3.01 AMS font symbols
)
(/usr/share/texmf-dist/tex/latex/amsmath/amsbsy.sty
Package: amsbsy 1999/11/29 v1.2d Bold Symbols
\pmbraise@=\dimen142
))
(/usr/share/texmf-dist/tex/latex/amsmath/amsmath.sty
Package: amsmath 2021/10/15 v2.17l AMS math features
\@mathmargin=\skip50

For additional information on amsmath, use the `?' option.
(/usr/share/texmf-dist/tex/latex/amsmath/amstext.sty
Package: amstext 2021/08/26 v2.01 AMS text
)
(/usr/share/texmf-dist/tex/latex/amsmath/amsopn.sty
Package: amsopn 2021/08/26 v2.02 operator names
)
\inf@bad=\count192
LaTeX Info: Redefining \frac on input line 234.
\uproot@=\count193
\leftroot@=\count194
LaTeX Info: Redefining \overline on input line 399.
\classnum@=\count195
\DOTSCASE@=\count196
LaTeX Info: Redefining \ldots on input line 496.
LaTeX Info: Redefining \dots on input line 499.
LaTeX Info: Redefining \cdots on input line 620.
\Mathstrutbox@=\box50
\strutbox@=\box51
\big@size=\dimen143
LaTeX Font Info:    Redeclaring font encoding OML on input line 743.
LaTeX Font Info:    Redeclaring font encoding OMS on input line 744.
\macc@depth=\count197
\c@MaxMatrixCols=\count198
\dotsspace@=\muskip16
\c@parentequation=\count199
\dspbrk@lvl=\count266
\tag@help=\toks18
\row@=\count267
\column@=\count268
\maxfields@=\count269
\andhelp@=\toks19
\eqnshift@=\dimen144
\alignsep@=\dimen145
\tagshift@=\dimen146
\tagwidth@=\dimen147
\totwidth@=\dimen148
\lineht@=\dimen149
\@envbody=\toks20
\multlinegap=\skip51
\multlinetaggap=\skip52
\mathdisplay@stack=\toks21
LaTeX Info: Redefining \[ on input line 2938.
LaTeX Info: Redefining \] on input line 2939.
)
(/usr/share/texmf-dist/tex/latex/l3backend/l3backend-pdftex.def
File: l3backend-pdftex.def 2021-12-14 L3 backend support: PDF output (pdfTeX)
\l__color_backend_stack_int=\count270
\l__pdf_internal_box=\box52
) (./main.aux)
\openout1 = `main.aux'.

LaTeX Font Info:    Checking defaults for OML/cmm/m/it on input line 12.
LaTeX Font Info:    ... okay on input line 12.
LaTeX Font Info:    Checking defaults for OMS/cmsy/m/n on input line 12.
LaTeX Font Info:    ... okay on input line 12.
LaTeX Font Info:    Checking defaults for OT1/cmr/m/n on input line 12.
LaTeX Font Info:    ... okay on input line 12.
LaTeX Font Info:    Checking defaults for T1/cmr/m/n on input line 12.
LaTeX Font Info:    ... okay on input line 12.
LaTeX Font Info:    Checking defaults for TS1/cmr/m/n on input line 12.
LaTeX Font Info:    ... okay on input line 12.
LaTeX Font Info:    Checking defaults for OMX/cmex/m/n on input line 12.
LaTeX Font Info:    ... okay on input line 12.
LaTeX Font Info:    Checking defaults for U/cmr/m/n on input line 12.
LaTeX Font Info:    ... okay on input line 12.

(/usr/share/texmf-dist/tex/context/base/mkii/supp-pdf.mkii
[Loading MPS to PDF converter (version 2006.09.02).]
\scratchcounter=\count271
\scratchdimen=\dimen150
\scratchbox=\box53
\nofMPsegments=\count272
\nofMParguments=\count273
\everyMPshowfont=\toks22
\MPscratchCnt=\count274
\MPscratchDim=\dimen151
\MPnumerator=\count275
\makeMPintoPDFobject=\count276
\everyMPtoPDFconversion=\toks23
) (/usr/share/texmf-dist/tex/latex/epstopdf-pkg/epstopdf-base.sty
Package: epstopdf-base 2020-01-24 v2.11 Base part for package epstopdf

(/usr/share/texmf-dist/tex/generic/infwarerr/infwarerr.sty
Package: infwarerr 2019/12/03 v1.5 Providing info/warning/error messages (HO)
)
(/usr/share/texmf-dist/tex/latex/grfext/grfext.sty
Package: grfext 2019/12/03 v1.3 Manage graphics extensions (HO)

(/usr/share/texmf-dist/tex/generic/kvdefinekeys/kvdefinekeys.sty
Package: kvdefinekeys 2019-12-19 v1.6 Define keys (HO)
))
(/usr/share/texmf-dist/tex/latex/kvoptions/kvoptions.sty
Package: kvoptions 2020-10-07 v3.14 Key value format for package options (HO)

(/usr/share/texmf-dist/tex/generic/ltxcmds/ltxcmds.sty
Package: ltxcmds 2020-05-10 v1.25 LaTeX kernel commands for general use (HO)
)
(/usr/share/texmf-dist/tex/generic/kvsetkeys/kvsetkeys.sty
Package: kvsetkeys 2019/12/15 v1.18 Key value parser (HO)
))
(/usr/share/texmf-dist/tex/generic/pdftexcmds/pdftexcmds.sty
Package: pdftexcmds 2020-06-27 v0.33 Utility functions of pdfTeX for LuaTeX (HO
)

(/usr/share/texmf-dist/tex/generic/iftex/iftex.sty
Package: iftex 2020/03/06 v1.0d TeX engine tests
)
Package pdftexcmds Info: \pdf@primitive is available.
Package pdftexcmds Info: \pdf@ifprimitive is available.
Package pdftexcmds Info: \pdfdraftmode found.
)
Package epstopdf-base Info: Redefining graphics rule for `.eps' on input line 4
85.
Package grfext Info: Graphics extension search list:
(grfext)             [.pdf,.png,.jpg,.mps,.jpeg,.jbig2,.jb2,.PDF,.PNG,.JPG,.JPE
G,.JBIG2,.JB2,.eps]
(grfext)             \AppendGraphicsExtensions on input line 504.

(/usr/share/texmf-dist/tex/latex/latexconfig/epstopdf-sys.cfg
File: epstopdf-sys.cfg 2010/07/13 v1.3 Configuration of (r)epstopdf for TeX Liv
e
))

LaTeX Warning: Citation `N2014' on page 1 undefined on input line 31.


LaTeX Warning: Citation `HARVESTING' on page 1 undefined on input line 44.


LaTeX Warning: Citation `BRAIN' on page 1 undefined on input line 46.


LaTeX Warning: Citation `MAXWELL' on page 1 undefined on input line 49.


LaTeX Warning: Citation `OPTICAL PROPERITES' on page 1 undefined on input line 
51.


LaTeX Warning: Citation `FERMAT' on page 1 undefined on input line 52.


LaTeX Warning: Citation `META' on page 1 undefined on input line 54.


LaTeX Warning: Citation `PRATT' on page 1 undefined on input line 57.


Underfull \hbox (badness 10000) in paragraph at lines 41--59

 []



pdfTeX warning: pdflatex (file ./images/trans_opt_edit.pdf): PDF inclusion: fou
nd PDF version <1.6>, but at most version <1.5> allowed
<images/trans_Opt_edit.pdf, id=1, 371.02393pt x 134.29701pt>
File: images/trans_Opt_edit.pdf Graphic file (type pdf)
<use images/trans_Opt_edit.pdf>
Package pdftex.def Info: images/trans_Opt_edit.pdf  used on input line 62.
(pdftex.def)             Requested size: 360.0pt x 130.31302pt.
LaTeX Font Info:    Trying to load font information for U+msa on input line 71.

(/usr/share/texmf-dist/tex/latex/amsfonts/umsa.fd
File: umsa.fd 2013/01/14 v3.01 AMS symbols A
)
LaTeX Font Info:    Trying to load font information for U+msb on input line 71.


(/usr/share/texmf-dist/tex/latex/amsfonts/umsb.fd
File: umsb.fd 2013/01/14 v3.01 AMS symbols B
) [1

{/var/lib/texmf/fonts/map/pdftex/updmap/pdftex.map}]

LaTeX Warning: Citation `META3' on page 2 undefined on input line 120.


LaTeX Warning: Citation `META2' on page 2 undefined on input line 123.


Underfull \hbox (badness 10000) in paragraph at lines 114--128

 []


LaTeX Warning: Reference `fig:shell' on page 2 undefined on input line 136.


LaTeX Warning: Reference `fig:shell_TO' on page 2 undefined on input line 137.

[2 <./images/trans_opt_edit.pdf>]

LaTeX Warning: Citation `PRATT' on page 3 undefined on input line 178.


LaTeX Warning: Citation `MUMETAL' on page 3 undefined on input line 181.


LaTeX Warning: Citation `Meissner' on page 3 undefined on input line 184.


LaTeX Warning: Reference `fig:shell' on page 3 undefined on input line 185.


Underfull \hbox (badness 10000) in paragraph at lines 167--196

 []


LaTeX Warning: Citation `ferro' on page 3 undefined on input line 199.



pdfTeX warning: pdflatex (file ./images/WPT.pdf): PDF inclusion: found PDF vers
ion <1.6>, but at most version <1.5> allowed
<images/WPT.pdf, id=38, 422.52342pt x 241.5639pt>
File: images/WPT.pdf Graphic file (type pdf)
<use images/WPT.pdf>
Package pdftex.def Info: images/WPT.pdf  used on input line 204.
(pdftex.def)             Requested size: 360.0pt x 205.82787pt.

Underfull \hbox (badness 10000) in paragraph at lines 217--235

 []


LaTeX Warning: Reference `fig:shells' on page 3 undefined on input line 245.


Underfull \hbox (badness 10000) in paragraph at lines 244--246

 []

[3]

LaTeX Warning: Citation `XXX' on page 4 undefined on input line 253.


LaTeX Warning: Citation `XXX' on page 4 undefined on input line 269.


LaTeX Warning: Reference `fig:helm' on page 4 undefined on input line 270.

[4 <./images/WPT.pdf>] [5]

LaTeX Warning: Citation `XXX' on page 6 undefined on input line 388.


Underfull \hbox (badness 10000) in paragraph at lines 374--398

 []



pdfTeX warning: pdflatex (file ./images/DC-graph.pdf): PDF inclusion: found PDF
 version <1.7>, but at most version <1.5> allowed
<images/DC-graph.pdf, id=58, 845.07718pt x 597.55246pt>
File: images/DC-graph.pdf Graphic file (type pdf)
<use images/DC-graph.pdf>
Package pdftex.def Info: images/DC-graph.pdf  used on input line 417.
(pdftex.def)             Requested size: 360.0pt x 254.55365pt.

LaTeX Warning: Citation `PRATT' on page 6 undefined on input line 449.


Underfull \hbox (badness 10000) in paragraph at lines 423--450

 []

[6]

pdfTeX warning: pdflatex (file ./images/AC-Helm.pdf): PDF inclusion: found PDF 
version <1.7>, but at most version <1.5> allowed
<images/AC-Helm.pdf, id=62, 845.07718pt x 597.55246pt>
File: images/AC-Helm.pdf Graphic file (type pdf)
<use images/AC-Helm.pdf>
Package pdftex.def Info: images/AC-Helm.pdf  used on input line 455.
(pdftex.def)             Requested size: 360.0pt x 254.55365pt.

LaTeX Warning: Reference `fig:COMSOL_CU' on page 7 undefined on input line 484.



LaTeX Warning: Reference `fig:Noise' on page 7 undefined on input line 501.


Underfull \hbox (badness 10000) in paragraph at lines 463--508

 []

[7 <./images/DC-graph.pdf>]

pdfTeX warning: pdflatex (file ./images/RL-Rpeaks.pdf): PDF inclusion: found PD
F version <1.6>, but at most version <1.5> allowed
<images/RL-Rpeaks.pdf, id=75, 1235.41861pt x 840.20988pt>
File: images/RL-Rpeaks.pdf Graphic file (type pdf)
<use images/RL-Rpeaks.pdf>
Package pdftex.def Info: images/RL-Rpeaks.pdf  used on input line 513.
(pdftex.def)             Requested size: 360.0pt x 244.83412pt.


pdfTeX warning: pdflatex (file ./images/RL-graphs.pdf): PDF inclusion: found PD
F version <1.6>, but at most version <1.5> allowed
<images/RL-graphs.pdf, id=76, 2037.10352pt x 747.53926pt>
File: images/RL-graphs.pdf Graphic file (type pdf)
<use images/RL-graphs.pdf>
Package pdftex.def Info: images/RL-graphs.pdf  used on input line 523.
(pdftex.def)             Requested size: 408.00293pt x 149.71051pt.

Underfull \hbox (badness 10000) in paragraph at lines 540--549

 []

[8 <./images/AC-Helm.pdf>]

LaTeX Warning: Reference `table:RL_freq' on page 9 undefined on input line 602.



Underfull \hbox (badness 10000) in paragraph at lines 580--604

 []

[9 <./images/RL-Rpeaks.pdf> <./images/RL-graphs.pdf

pdfTeX warning: pdflatex (file ./images/RL-graphs.pdf): PDF inclusion: multiple
 pdfs with page group included in a single page
>]

pdfTeX warning: pdflatex (file ./images/RLC-P.pdf): PDF inclusion: found PDF ve
rsion <1.7>, but at most version <1.5> allowed
<images/RLC-P.pdf, id=114, 845.07718pt x 597.55246pt>
File: images/RLC-P.pdf Graphic file (type pdf)
<use images/RLC-P.pdf>
Package pdftex.def Info: images/RLC-P.pdf  used on input line 607.
(pdftex.def)             Requested size: 360.0pt x 254.55365pt.

LaTeX Warning: Citation `XXX' on page 10 undefined on input line 617.


LaTeX Warning: Reference `fig:parallel_R' on page 10 undefined on input line 62
2.


LaTeX Warning: Reference `fig:parallel_R' on page 10 undefined on input line 62
4.


LaTeX Warning: Reference `fig:parallel_R' on page 10 undefined on input line 62
4.


LaTeX Warning: Reference `fig:two_shell' on page 10 undefined on input line 636
.


Underfull \hbox (badness 10000) in paragraph at lines 616--639

 []

<images/temp-equiv_circ.png, id=115, 503.63156pt x 422.32782pt>
File: images/temp-equiv_circ.png Graphic file (type png)
<use images/temp-equiv_circ.png>
Package pdftex.def Info: images/temp-equiv_circ.png  used on input line 644.
(pdftex.def)             Requested size: 360.0pt x 301.88477pt.
[10 <./images/RLC-P.pdf>]

pdfTeX warning: pdflatex (file ./images/Is_vs_Ip_RLC.pdf): PDF inclusion: found
 PDF version <1.6>, but at most version <1.5> allowed
<images/Is_vs_Ip_RLC.pdf, id=128, 1347.52249pt x 830.36523pt>
File: images/Is_vs_Ip_RLC.pdf Graphic file (type pdf)
<use images/Is_vs_Ip_RLC.pdf>
Package pdftex.def Info: images/Is_vs_Ip_RLC.pdf  used on input line 652.
(pdftex.def)             Requested size: 360.0pt x 221.83224pt.


pdfTeX warning: pdflatex (file ./images/parallel_RLC_Mrel.pdf): PDF inclusion: 
found PDF version <1.6>, but at most version <1.5> allowed
<images/parallel_RLC_Mrel.pdf, id=129, 1330.22324pt x 747.53926pt>
File: images/parallel_RLC_Mrel.pdf Graphic file (type pdf)
<use images/parallel_RLC_Mrel.pdf>
Package pdftex.def Info: images/parallel_RLC_Mrel.pdf  used on input line 660.
(pdftex.def)             Requested size: 360.0pt x 202.30595pt.
[11 <./images/temp-equiv_circ.png> <./images/Is_vs_Ip_RLC.pdf>]
Underfull \hbox (badness 10000) in paragraph at lines 673--679

 []


Underfull \hbox (badness 10000) in paragraph at lines 684--686

 []


LaTeX Warning: Citation `XXX' on page 12 undefined on input line 717.


Underfull \hbox (badness 10000) in paragraph at lines 697--720

 []

[12 <./images/parallel_RLC_Mrel.pdf>]
Underfull \hbox (badness 10000) in paragraph at lines 730--733

 []


LaTeX Warning: Citation `XXX' on page 13 undefined on input line 735.


Underfull \hbox (badness 10000) in paragraph at lines 734--736

 []



pdfTeX warning: pdflatex (file ./images/inductance.pdf): PDF inclusion: found P
DF version <1.6>, but at most version <1.5> allowed
<images/inductance.pdf, id=160, 1244.40973pt x 748.30751pt>
File: images/inductance.pdf Graphic file (type pdf)
<use images/inductance.pdf>
Package pdftex.def Info: images/inductance.pdf  used on input line 740.
(pdftex.def)             Requested size: 360.0pt x 216.47838pt.

LaTeX Warning: Reference `eqn:eta' on page 13 undefined on input line 767.


Underfull \hbox (badness 10000) in paragraph at lines 751--775

 []

[13 <./images/inductance.pdf>]
Underfull \hbox (badness 10000) in paragraph at lines 784--786

 []


Underfull \hbox (badness 10000) in paragraph at lines 787--791

 []


Underfull \hbox (badness 10000) in paragraph at lines 792--805

 []


Underfull \hbox (badness 10000) in paragraph at lines 806--809

 []


Underfull \hbox (badness 10000) in paragraph at lines 811--814

 []


Underfull \hbox (badness 10000) in paragraph at lines 815--820

 []


Underfull \hbox (badness 10000) in paragraph at lines 821--824

 []


Underfull \hbox (badness 10000) in paragraph at lines 825--829

 []

[14] [15] (./main.aux)

LaTeX Warning: There were undefined references.

 ) 
Here is how much of TeX's memory you used:
 3491 strings out of 478353
 51766 string characters out of 5854635
 359936 words of memory out of 5000000
 21569 multiletter control sequences out of 15000+600000
 412134 words of font info for 61 fonts, out of 8000000 for 9000
 1141 hyphenation exceptions out of 8191
 60i,22n,67p,224b,419s stack positions out of 5000i,500n,10000p,200000b,80000s
</usr/share/texmf-dist/fonts/type1/public/amsfonts/cm/cmbx10.pfb></usr/share/
texmf-dist/fonts/type1/public/amsfonts/cm/cmbx12.pfb></usr/share/texmf-dist/fon
ts/type1/public/amsfonts/cm/cmex10.pfb></usr/share/texmf-dist/fonts/type1/publi
c/amsfonts/cm/cmmi10.pfb></usr/share/texmf-dist/fonts/type1/public/amsfonts/cm/
cmmi8.pfb></usr/share/texmf-dist/fonts/type1/public/amsfonts/cm/cmr10.pfb></usr
/share/texmf-dist/fonts/type1/public/amsfonts/cm/cmr6.pfb></usr/share/texmf-dis
t/fonts/type1/public/amsfonts/cm/cmr8.pfb></usr/share/texmf-dist/fonts/type1/pu
blic/amsfonts/cm/cmsy10.pfb></usr/share/texmf-dist/fonts/type1/public/amsfonts/
cm/cmsy6.pfb></usr/share/texmf-dist/fonts/type1/public/amsfonts/cm/cmsy8.pfb></
usr/share/texmf-dist/fonts/type1/public/amsfonts/cm/cmti10.pfb></usr/share/texm
f-dist/fonts/type1/public/amsfonts/cm/cmtt10.pfb>
Output written on main.pdf (15 pages, 500096 bytes).
PDF statistics:
 234 PDF objects out of 1000 (max. 8388607)
 149 compressed objects within 2 object streams
 0 named destinations out of 1000 (max. 500000)
 56 words of extra memory for PDF output out of 10000 (max. 10000000)

